   1     -10.70
   2      -9.80
   3     -10.20
   4     -12.60
   5     -10.70
   6     -12.50
   7     -10.70
   8     -11.20
   9     -12.90
  10     -10.50
  11     -11.00
  12     -10.90
  13     -10.10
  14     -10.70
  15     -12.20
  16     -10.90
  17     -10.00
  18     -10.60
  19      -8.20
  20     -11.90
  21     -12.20
  22     -10.70
  23     -12.20
  24     -10.70
  25     -12.60
  26     -12.90
  27     -10.70
  28     -10.60
  29     -11.00
  30     -10.50
  31      -9.10
  32     -12.50
  33     -10.50
  34     -12.80
  35     -10.50
  36     -10.10
  37      -8.50
  38     -12.50
  39      -9.10
  40     -12.80
  41      -8.30
  42     -10.90
  43     -12.80
  44      -9.80
  45     -10.70
  46     -10.70
  47     -12.60
  48     -12.50
  49     -12.80
  50     -12.60
  51     -12.80
  52     -10.10
  53     -12.80
  54     -12.50
  55     -11.90
  56      -9.90
  57     -11.00
  58     -10.60
  59     -10.80
  60      -9.10
  61      -8.80
  62     -10.60
  63     -10.60
  64     -12.20
  65     -10.50
  66     -11.60
  67     -12.90
  68     -10.70
  69     -12.60
  70      -7.50
  71     -10.10
  72     -10.90
  73     -10.50
  74     -12.80
  75      -9.20
  76     -10.90
  77     -10.50
  78     -10.60
  79     -12.90
  80     -12.90
  81     -12.50
  82     -12.60
  83     -10.70
  84     -10.80
  85     -10.80
  86     -10.70
  87     -12.50
  88     -10.00
  89     -12.90
  90     -10.40
  91     -12.60
  92     -12.80
  93     -12.80
  94     -10.60
  95     -12.60
  96      -9.70
  97     -12.80
  98     -12.60
  99     -12.80
 100     -10.00
 101      -9.30
 102     -10.90
 103     -10.50
 104      -8.70
 105     -12.80
 106     -12.90
 107     -11.10
 108     -11.00
 109     -10.80
 110     -12.90
 111     -11.60
 112     -10.40
 113      -9.70
 114     -10.50
 115     -12.60
 116     -12.20
 117     -12.90
 118     -10.10
 119     -10.50
 120     -10.90
 121     -12.90
 122     -10.40
 123     -11.00
 124     -10.90
 125     -10.90
 126     -12.50
 127     -12.90
 128     -12.80
 129      -9.90
 130     -10.90
 131     -10.00
 132      -9.20
 133     -10.90
 134     -10.90
 135     -10.30
 136     -10.80
 137     -10.40
 138     -10.00
 139     -10.40
 140      -8.30
 141     -10.90
 142      -8.60
 143     -11.20
 144     -12.90
 145     -10.60
 146     -12.80
 147     -10.90
 148     -10.40
 149     -12.20
 150     -10.20
 151     -12.90
 152     -10.50
 153     -12.90
 154     -10.90
 155      -7.60
 156     -12.90
 157     -10.20
 158     -10.90
 159     -12.90
 160     -11.60
 161     -12.90
 162     -10.70
 163      -8.50
 164     -10.60
 165     -10.90
 166     -12.90
 167     -10.20
 168     -12.90
 169     -11.00
 170      -9.80
 171     -10.40
 172     -12.50
 173     -11.00
 174     -11.30
 175     -12.20
 176     -10.70
 177     -11.20
 178     -10.30
 179     -12.20
 180      -8.50
 181     -11.10
 182     -12.80
 183     -10.00
 184     -12.20
 185     -12.50
 186     -10.40
 187     -12.20
 188     -12.90
 189     -12.90
 190      -9.30
 191     -10.90
 192     -10.70
 193     -11.00
 194     -12.80
 195     -12.90
 196      -9.50
 197     -11.20
 198     -12.90
 199     -10.00
 200     -10.50
 201      -8.60
 202     -12.50
 203      -7.60
 204     -12.80
 205     -12.50
 206     -12.90
 207     -10.40
 208     -12.90
 209     -11.00
 210     -12.80
 211      -9.80
 212     -10.90
 213     -10.90
 214     -11.00
 215     -12.50
 216     -10.20
 217     -10.00
 218     -11.00
 219      -8.50
 220     -11.00
 221     -12.80
 222     -10.70
 223     -11.00
 224     -10.70
 225      -9.60
 226     -12.60
 227     -12.80
 228      -7.30
 229     -10.30
 230     -10.90
 231      -8.80
 232     -11.00
 233      -9.70
 234     -10.50
 235     -12.60
 236     -12.60
 237     -10.10
 238      -8.90
 239     -11.00
 240     -12.90
 241     -12.20
 242     -10.90
 243     -10.70
 244     -10.30
 245     -12.60
 246     -12.80
 247     -12.90
 248     -12.90
 249     -11.00
 250     -10.90
 251     -11.90
 252     -10.90
 253     -11.30
 254     -10.30
 255     -12.90
 256      -9.30
 257     -10.40
 258     -11.00
 259     -11.60
 260     -12.50
 261     -10.60
 262     -10.90
 263     -11.00
 264     -12.90
 265     -12.90
 266     -12.50
 267     -10.90
 268     -12.50
 269     -10.30
 270     -10.40
 271     -12.80
 272     -10.70
 273     -11.30
 274     -10.30
 275     -11.00
 276     -12.90
 277     -12.60
 278     -12.80
 279      -9.90
 280     -12.80
 281     -12.80
 282     -11.00
 283     -11.00
 284     -10.90
 285     -12.20
 286     -12.80
 287     -12.80
 288     -10.60
 289     -11.00
 290     -10.20
 291     -11.00
 292     -10.50
 293      -7.60
 294     -12.80
 295     -12.90
 296     -10.30
 297     -11.00
 298     -10.20
 299     -12.60
 300     -12.90
 301     -10.10
 302     -10.60
 303      -9.20
 304     -10.60
 305     -10.80
 306     -12.50
 307     -12.90
 308     -11.00
 309     -10.90
 310     -10.70
 311     -12.80
 312      -9.20
 313      -3.10
 314     -12.20
 315     -10.60
 316     -11.60
 317     -12.60
 318     -10.70
 319     -12.50
 320     -10.90
 321     -10.90
 322     -10.50
 323     -10.70
 324     -12.50
 325     -10.60
 326     -10.60
 327     -10.30
 328     -12.60
 329     -12.60
 330      -9.70
 331     -10.90
 332     -12.80
 333     -12.90
 334     -11.90
 335     -12.60
 336     -12.90
 337     -10.50
 338     -12.80
 339     -10.20
 340     -12.80
 341     -11.00
 342     -10.60
 343     -12.90
 344     -12.80
 345     -10.60
 346     -10.60
 347     -12.90
 348      -5.70
 349     -10.30
 350     -10.30
 351     -12.80
 352     -12.20
 353     -11.00
 354     -10.70
 355     -11.60
 356     -10.70
 357      -9.00
 358     -10.00
 359     -10.30
 360     -12.80
 361     -10.70
 362     -12.50
 363     -10.40
 364     -10.30
 365     -12.60
 366     -10.00
 367     -11.90
 368     -12.90
 369     -12.90
 370     -12.60
 371     -11.00
 372     -10.50
 373     -10.40
 374      -9.20
 375      -9.80
 376     -12.90
 377     -10.90
 378     -12.80
 379     -12.60
 380      -8.30
 381     -10.20
 382     -10.20
 383     -12.80
 384      -8.80
 385     -12.50
 386     -10.60
 387     -12.90
 388      -8.90
 389     -12.80
 390     -10.80
 391     -10.50
 392     -12.80
 393     -10.90
 394     -10.60
 395     -10.70
 396     -11.00
 397     -12.80
 398     -12.50
 399     -12.50
 400     -10.40
 401      -9.50
 402     -10.90
 403      -9.80
 404      -9.40
 405     -12.60
 406      -7.90
 407     -11.00
 408     -12.90
 409     -12.90
 410     -10.40
 411     -12.90
 412     -12.50
 413      -9.80
 414     -10.30
 415     -10.70
 416     -12.90
 417      -9.20
 418     -10.80
 419     -10.90
 420      -9.70
 421     -12.80
 422     -10.90
 423     -12.60
 424     -12.60
 425      -9.70
 426     -10.10
 427      -8.00
 428     -10.10
 429     -11.00
 430     -10.90
 431     -10.90
 432     -10.40
 433     -10.90
 434     -11.00
 435      -7.80
 436     -10.40
 437      -7.30
 438     -10.70
 439     -12.80
 440     -10.90
 441     -10.90
 442     -12.60
 443     -10.40
 444     -11.60
 445     -10.70
 446     -10.70
 447     -12.80
 448     -10.10
 449     -12.90
 450     -12.50
 451     -12.90
 452     -12.90
 453     -12.20
 454     -12.90
 455     -10.30
 456     -10.90
 457     -12.50
 458     -11.00
 459     -12.20
 460     -11.00
 461     -10.50
 462     -11.90
 463     -12.80
 464     -12.90
 465     -10.50
 466     -12.20
 467     -10.80
 468     -10.80
 469      -5.20
 470     -12.50
 471     -12.50
 472     -10.50
 473     -10.50
 474     -12.80
 475     -11.90
 476     -10.40
 477     -10.10
 478     -12.20
 479     -10.00
 480     -10.30
 481     -12.50
 482     -11.30
 483     -10.70
 484     -10.70
 485     -12.80
 486     -10.30
 487      -9.80
 488     -10.90
 489     -10.80
 490     -12.20
 491     -10.80
 492     -12.20
 493      -9.10
 494     -12.80
 495     -10.70
 496     -11.00
 497     -12.80
 498     -10.50
 499     -11.00
 500     -10.00
 501     -10.60
 502     -10.90
 503     -12.90
 504     -12.20
 505     -11.20
 506      -7.40
 507     -11.60
 508     -10.90
 509     -10.60
 510     -11.00
 511     -10.60
 512     -12.80
 513     -11.90
 514     -12.60
 515     -10.00
 516     -11.00
 517     -12.80
 518     -12.50
 519     -10.60
 520      -8.40
 521      -9.70
 522     -12.90
 523     -10.70
 524     -10.90
 525     -10.30
 526      -8.00
 527     -11.00
 528      -8.60
 529      -8.40
 530     -10.70
 531      -9.30
 532     -10.70
 533     -10.00
 534      -8.90
 535     -12.50
 536     -11.60
 537     -10.60
 538      -7.70
 539     -12.20
 540     -12.50
 541      -7.50
 542     -12.80
 543     -12.90
 544     -12.50
 545     -10.60
 546      -9.80
 547     -10.10
 548     -12.50
 549     -12.60
 550      -8.60
 551     -10.80
 552     -10.30
 553     -12.90
 554     -12.60
 555     -12.60
 556     -11.30
 557      -9.30
 558     -10.10
 559     -11.30
 560     -12.60
 561     -11.00
 562     -10.90
 563     -12.80
 564      -9.20
 565      -7.50
 566     -10.70
 567     -10.30
 568     -10.10
 569     -10.70
 570     -12.80
 571     -12.80
 572     -10.70
 573     -10.70
 574      -7.60
 575     -11.00
 576     -12.50
 577     -10.60
 578     -12.90
 579     -12.20
 580      -9.40
 581      -8.90
 582      -9.20
 583     -10.90
 584     -10.90
 585     -12.80
 586     -10.70
 587     -10.20
 588     -12.90
 589     -12.20
 590      -8.30
 591      -7.70
 592     -10.60
 593     -10.90
 594     -12.80
 595     -12.90
 596     -12.50
 597     -12.20
 598     -12.60
 599     -12.90
 600     -12.60
 601     -11.90
 602     -12.50
 603     -10.10
 604     -10.20
 605     -12.90
 606     -10.60
 607     -10.50
 608     -12.80
 609     -10.90
 610      -9.50
 611     -12.90
 612     -12.50
 613     -12.90
 614     -10.30
 615     -10.10
 616     -10.70
 617     -11.00
 618     -12.60
 619     -10.60
 620     -10.00
 621     -10.60
 622     -10.40
 623     -10.90
 624      -8.40
 625     -10.70
 626      -6.40
 627     -10.50
 628     -10.10
 629     -10.50
 630     -10.70
 631     -10.30
 632     -10.70
 633     -12.90
 634     -12.90
 635      -5.50
 636     -10.10
 637     -10.80
 638     -12.80
 639     -11.90
 640      -5.50
 641     -10.00
 642     -12.50
 643     -12.80
 644     -12.60
 645     -12.60
 646     -10.70
 647     -11.00
 648     -10.70
 649     -10.60
 650     -11.20
 651     -10.90
 652      -8.60
 653     -12.80
 654     -10.60
 655     -12.90
 656     -10.50
 657     -10.60
 658     -12.50
 659     -12.80
 660     -10.50
 661     -12.90
 662     -12.60
 663     -10.30
 664     -12.90
 665     -10.90
 666     -12.90
 667     -10.30
 668     -12.80
 669     -10.70
 670     -11.30
 671     -12.50
 672      -9.50
 673     -12.60
 674      -8.80
 675     -10.20
 676     -12.50
 677     -10.40
 678     -11.00
 679     -10.70
 680      -9.80
 681     -12.90
 682     -12.60
 683     -10.60
 684     -10.50
 685     -12.80
 686     -12.90
 687     -12.60
 688     -10.60
 689      -9.00
 690      -9.80
 691     -10.10
 692     -12.80
 693     -12.60
 694     -12.90
 695     -12.90
 696     -10.80
 697     -12.80
 698     -10.70
 699     -12.90
 700     -12.90
 701     -12.90
 702     -12.80
 703     -12.90
 704     -12.80
 705     -10.20
 706     -12.50
 707     -12.20
 708     -11.00
 709     -12.90
 710     -12.60
 711      -8.30
 712     -10.90
 713     -10.40
 714     -12.60
 715     -12.20
 716     -10.90
 717     -10.40
 718     -10.50
 719     -11.90
 720     -11.00
 721     -12.80
 722     -12.80
 723      -9.00
 724     -12.80
 725      -5.70
 726     -10.10
 727     -12.20
 728     -12.80
 729      -7.40
 730     -10.70
 731     -10.50
 732      -9.80
 733     -11.00
 734      -8.60
 735     -10.80
 736     -12.80
 737      -9.00
 738     -12.90
 739     -12.80
 740     -10.50
 741     -10.60
 742      -7.80
 743     -11.60
 744     -10.30
 745     -10.60
 746     -12.50
 747     -10.90
 748     -12.80
 749     -12.90
 750     -11.00
 751     -11.00
 752     -11.00
 753     -10.60
 754     -11.30
 755     -10.60
 756     -12.50
 757     -10.80
 758      -8.60
 759     -12.60
 760     -10.10
 761     -11.90
 762     -11.90
 763     -10.20
 764      -8.00
 765      -8.90
 766      -9.20
 767     -12.90
 768     -10.30
 769     -12.90
 770     -12.50
 771      -9.40
 772     -11.00
 773     -10.70
 774     -12.80
 775     -10.70
 776     -10.90
 777     -12.60
 778     -10.60
 779     -12.20
 780     -11.90
 781     -12.50
 782     -10.50
 783     -12.90
 784     -10.70
 785     -12.90
 786     -11.20
 787     -10.40
 788      -5.20
 789     -10.50
 790     -10.90
 791     -11.20
 792      -8.90
 793     -11.20
 794     -12.80
 795     -12.50
 796     -10.70
 797     -10.50
 798      -9.90
 799     -12.50
 800     -11.00
 801     -12.80
 802     -11.00
 803     -10.60
 804     -12.50
 805     -11.60
 806     -10.70
 807      -8.80
 808     -10.90
 809     -10.80
 810      -9.80
 811     -12.20
 812     -12.80
 813      -7.10
 814     -12.90
 815     -11.10
 816      -9.70
 817     -10.90
 818     -12.80
 819     -11.60
 820     -11.00
 821     -10.90
 822     -12.80
 823     -10.80
 824     -10.10
 825      -9.10
 826     -12.90
 827     -10.80
 828     -10.90
 829     -10.40
 830     -11.20
 831     -10.30
 832      -7.10
 833     -12.50
 834     -12.60
 835     -12.90
 836      -7.40
 837     -10.50
 838     -12.90
 839     -10.40
 840     -12.20
 841      -8.30
 842     -12.80
 843      -8.90
 844     -10.10
 845     -12.80
 846      -8.90
 847     -10.90
 848     -11.00
 849     -12.90
 850     -12.90
 851     -10.70
 852      -9.70
 853     -11.60
 854     -10.30
 855      -9.80
 856     -11.30
 857     -10.50
 858     -12.90
 859     -12.20
 860      -9.10
 861      -8.30
 862      -8.60
 863     -12.80
 864      -8.40
 865     -11.00
 866     -12.80
 867     -12.60
 868      -9.70
 869     -10.60
 870     -12.60
 871     -12.60
 872     -10.10
 873     -10.10
 874     -10.50
 875     -10.70
 876     -10.90
 877     -10.70
 878     -10.60
 879     -10.60
 880     -12.20
 881      -8.80
 882     -10.20
 883     -12.90
 884     -11.20
 885     -10.70
 886     -10.70
 887     -12.80
 888     -12.50
 889     -10.70
 890     -12.60
 891     -10.90
 892     -12.90
 893     -10.50
 894     -10.90
 895     -10.00
 896     -10.00
 897     -12.90
 898     -12.60
 899      -8.40
 900     -11.00
 901      -9.10
 902     -10.50
 903      -8.40
 904      -6.20
 905     -10.70
 906     -12.90
 907     -12.80
 908     -10.70
 909     -11.30
 910     -12.80
 911     -12.90
 912     -10.30
 913     -10.50
 914     -10.60
 915     -12.90
 916      -7.60
 917     -12.90
 918     -12.20
 919      -9.50
 920     -10.30
 921      -8.80
 922     -10.40
 923     -12.80
 924      -8.80
 925     -12.60
 926     -11.00
 927     -11.00
 928     -12.60
 929      -8.30
 930     -10.70
 931     -10.60
 932     -12.20
 933     -11.20
 934     -12.50
 935     -11.30
 936     -10.70
 937     -10.30
 938     -11.00
 939     -11.60
 940     -10.50
 941     -10.30
 942     -10.50
 943     -12.60
 944     -12.90
 945     -12.60
 946      -9.70
 947     -10.70
 948     -10.90
 949      -9.70
 950     -12.80
 951     -12.50
 952     -10.70
 953     -10.40
 954      -8.70
 955     -11.30
 956     -12.60
 957     -12.90
 958     -10.00
 959     -10.70
 960     -12.90
 961     -10.10
 962     -12.80
 963     -11.00
 964     -10.00
 965     -12.90
 966     -10.00
 967     -12.90
 968     -12.50
 969     -12.60
 970      -8.90
 971     -12.80
 972     -10.60
 973     -10.10
 974     -10.50
 975     -10.90
 976     -12.90
 977     -10.90
 978     -10.90
 979     -12.60
 980     -11.00
 981     -10.00
 982     -10.50
 983     -11.00
 984     -10.90
 985     -10.90
 986     -10.50
 987     -10.60
 988     -10.50
 989     -10.60
 990     -10.60
 991     -10.90
 992     -12.80
 993     -10.30
 994     -12.90
 995     -10.90
 996     -10.60
 997     -10.90
 998      -8.80
 999     -10.50
1000     -11.30
