Sequence length            = 42
Optimal number of clusters = 4
Cluster sizes              = 0.789* 0.196  0.012  0.003 
(* marks the cluster in which the MFE structure is located)

Free energy of the MFE structure     = -12.80
Free energy of the ensemble centroid = -12.80
Boltzmann probability of the MFE structure     = 1.16848
Boltzmann probability of the ensemble centroid = 1.16848

Average base pair distance between sample and
.....MFE structure     = 2.729
.....ensemble centroid = 2.729
Percentage improvement = 0.0000


Cluster                 : 1
Maximum Distance        : 10
Minimum Distance        : 0
Average Distance        : 2.90
Standard Deviation      : 1.58
Coefficient of Variance : 0.54
Probability             : 789/1000 = 0.789
Cluster MFE (Structure 9): -12.90
Elements: 1 3 4 5 6 7 8 9 10 11 12 13 14 16 18 19 22 24 25 26 28 32 34 35 36 38 40 42 43 45 46 47 48 49 50 51 53 54 57 58 59 62 63 65 66 67 68 69 71 72 73 74 76 77 78 79 80 81 82 83 84 85 86 87 89 90 91 92 93 94 95 96 97 98 99 101 102 103 105 106 108 109 110 111 112 113 114 115 117 118 119 121 122 123 124 125 126 127 128 129 130 133 134 135 136 139 140 141 143 144 145 146 147 148 150 151 152 153 154 156 157 158 159 160 161 163 164 165 166 167 168 169 171 172 173 174 176 177 182 185 186 188 189 190 191 192 193 194 195 196 197 198 200 202 204 205 206 207 208 209 210 212 213 214 215 216 218 220 221 222 223 224 225 226 227 230 231 232 233 234 235 236 237 238 239 240 242 243 245 246 247 248 250 252 253 254 255 256 257 259 260 261 262 263 264 265 266 267 268 270 271 272 273 274 275 276 277 278 279 280 281 282 284 286 287 288 289 290 291 292 294 295 297 298 299 300 301 302 303 304 305 306 307 309 310 311 315 316 317 318 319 320 322 323 324 325 326 328 329 330 331 332 333 335 336 337 338 339 340 341 342 343 344 345 346 347 351 353 354 355 356 357 359 360 361 362 363 365 366 368 369 370 371 372 373 376 377 378 379 380 381 382 383 385 386 387 389 390 391 392 393 394 395 396 397 398 399 400 401 405 407 408 409 410 411 412 415 416 417 418 419 420 421 422 423 424 425 426 427 428 429 430 431 432 433 435 436 437 438 439 440 441 442 444 445 446 447 448 449 450 451 452 454 456 457 458 460 461 463 464 465 467 468 470 471 472 473 474 476 477 479 481 482 483 484 485 488 489 494 495 496 497 498 499 501 502 503 505 507 508 509 510 511 512 514 516 517 518 519 520 521 522 523 524 526 527 529 530 531 532 535 536 537 540 541 542 543 544 545 547 548 549 551 553 554 555 556 557 559 560 561 562 563 566 567 568 569 570 571 572 573 575 576 577 578 580 582 583 584 585 586 587 588 590 592 593 594 595 596 598 599 600 602 603 604 605 606 607 608 609 611 612 613 615 616 617 618 619 621 622 623 625 627 628 629 630 632 633 634 636 638 642 643 644 645 646 647 648 649 651 653 654 655 656 657 658 659 660 661 662 664 665 666 668 670 671 672 673 674 675 676 677 678 679 681 682 683 684 685 686 687 688 689 691 692 693 694 695 696 697 698 699 700 701 702 703 704 705 706 708 709 710 711 712 713 714 716 717 718 720 721 722 724 728 730 731 733 735 736 738 739 740 741 742 743 744 745 746 747 748 749 750 751 752 753 754 755 756 757 758 759 763 767 769 770 771 772 773 774 775 777 778 781 782 783 784 785 786 787 789 790 793 794 795 797 799 800 801 802 803 804 805 806 808 809 812 814 816 817 818 819 820 821 822 823 826 827 828 829 831 833 834 835 836 837 838 839 841 842 843 844 845 847 848 849 850 851 852 853 854 856 857 858 862 863 864 865 866 867 868 869 870 871 872 873 874 875 876 877 878 879 881 882 883 885 887 888 889 890 891 892 893 894 897 898 900 901 902 903 905 906 907 908 909 910 911 913 914 915 917 919 920 921 922 923 925 927 928 929 930 931 933 934 935 936 938 939 940 942 943 944 945 946 947 948 949 950 951 952 953 954 955 956 957 959 960 961 962 963 965 967 968 969 971 972 974 976 977 978 979 980 982 983 984 985 986 987 988 989 990 991 992 994 995 996 997 998 999 1000

Cluster                 : 2
Maximum Distance        : 9
Minimum Distance        : 0
Average Distance        : 3.10
Standard Deviation      : 1.72
Coefficient of Variance : 0.55
Probability             : 196/1000 = 0.196
Cluster MFE (Structure 15): -12.20
Elements: 2 15 17 20 21 23 27 30 33 37 39 41 44 52 55 56 60 61 64 70 75 88 100 104 107 116 120 131 132 137 138 142 149 155 162 170 175 178 179 180 181 183 184 187 199 203 211 217 219 228 229 241 244 249 251 269 283 285 293 296 308 312 313 314 321 327 334 349 350 352 358 364 367 374 375 384 388 402 403 404 406 413 414 443 453 455 459 462 466 469 475 478 480 486 487 490 491 492 493 500 504 506 513 515 525 528 533 534 538 539 546 550 552 558 564 565 574 579 581 589 591 597 601 610 614 620 626 631 635 637 639 640 641 652 663 667 669 680 690 707 715 719 723 726 727 729 732 734 737 760 761 762 764 765 766 768 776 779 780 788 792 796 798 807 810 811 813 815 824 825 832 840 846 855 859 860 880 886 895 896 899 912 916 918 924 932 937 941 958 964 966 970 973 975 981 993

Cluster                 : 3
Maximum Distance        : 5
Minimum Distance        : 0
Average Distance        : 1.68
Standard Deviation      : 1.30
Coefficient of Variance : 0.78
Probability             : 12/1000 = 0.012
Cluster MFE (Structure 650): -11.20
Elements: 29 258 348 434 650 725 791 830 861 884 904 926

Cluster                 : 4
Maximum Distance        : 6
Minimum Distance        : 4
Average Distance        : 4.67
Standard Deviation      : 0.94
Coefficient of Variance : 0.20
Probability             : 3/1000 = 0.003
Cluster MFE (Structure 31): -9.10
Elements: 31 201 624


Minimum distance matrix between clusters
   0   1   8   2
   1   0   6   4
   8   6   0   6
   2   4   6   0

Maximum distance matrix between clusters
   0  12  17  12
  12   0  15  14
  17  15   0  15
  12  14  15   0

Average distance matrix between clusters
   0.00   4.86  11.79   6.27
   4.86   0.00   9.66   8.45
  11.79   9.66   0.00  10.42
   6.27   8.45  10.42   0.00

Distance matrix between cluster centroids
   0   3  10   5
   3   0   7   8
  10   7   0   9
   5   8   9   0

