    0   0.10000000
    1   0.20300000
    2   0.20300000
    3   0.25900000
    4   0.32400000
    5   0.32400000
    6   0.35400000
    7   0.35400000
    8   0.37800000
    9   0.37800000
   10   0.37800000
   11   0.39400000
   12   0.39400000
   13   0.39600000
   14   0.41900000
   15   0.48700000
   16   0.56500000
   17   0.59000000
   18   0.70600000
   19   0.74300000
   20   0.78000000
   21   0.81700000
   22   0.83700000
   23   0.85400000
   24   0.85500000
   25   0.87400000
   26   0.87800000
   27   0.88800000
   28   0.89400000
   29   0.90500000
   30   0.91100000
   31   0.92200000
   32   0.93300000
   33   0.94400000
   34   0.94700000
   35   0.95600000
   36   0.96100000
   37   0.96400000
   38   0.96700000
   39   0.97200000
   40   0.97400000
   41   0.97700000
   42   0.98400000
   43   0.98600000
   44   0.98600000
   45   0.99000000
   46   0.99100000
   47   0.99200000
   48   0.99200000
   49   0.99500000
   50   0.99500000
   51   0.99600000
   52   0.99600000
   53   0.99600000
   54   0.99600000
   55   0.99600000
   56   0.99900000
   57   0.99900000
   58   0.99900000
   59   0.99900000
   60   0.99900000
   61   0.99900000
   62   0.99900000
   63   0.99900000
   64   1.00000000
   65   1.00000000
   66   1.00000000
   67   1.00000000
   68   1.00000000
   69   1.00000000
   70   1.00000000
   71   1.00000000
   72   1.00000000
   73   1.00000000
   74   1.00000000
   75   1.00000000
   76   1.00000000
   77   1.00000000
   78   1.00000000
   79   1.00000000
   80   1.00000000
   81   1.00000000
   82   1.00000000
   83   1.00000000
   84   1.00000000
   85   1.00000000
   86   1.00000000
   87   1.00000000
   88   1.00000000
   89   1.00000000
   90   1.00000000
   91   1.00000000
   92   1.00000000
   93   1.00000000
   94   1.00000000
   95   1.00000000
   96   1.00000000
   97   1.00000000
   98   1.00000000
   99   1.00000000
  100   1.00000000
