    1 U A  0.555 0.494 0.028
    2 U A  0.615 0.615 0.028
    3 A T  1.000 0.029 0.026
    4 C G  0.029 0.028 0.026
    5 U A  0.639 0.634 0.026
    6 G C  0.638 0.027 0.027
    7 G C  0.028 0.028 0.013
    8 A T  0.082 0.073 0.027
    9 A T  0.991 0.961 0.134
   10 C G  0.970 0.192 0.134
   11 U A  0.212 0.150 0.129
   12 G C  0.167 0.166 0.127
   13 A T  0.974 0.526 0.511
   14 U A  0.526 0.511 0.001
   15 G C  0.959 0.959 0.000
   16 A T  1.000 0.001 0.000
   17 G C  0.001 0.000 0.000
   18 U A  0.000 0.000 0.000
   19 C G  0.001 0.000 0.000
   20 C G  0.000 0.000 0.000
   21 G C  1.000 1.000 1.000
   22 U A  1.000 1.000 0.000
   23 G C  1.000 1.000 0.000
   24 A T  1.000 0.000 0.000
   25 G C  0.000 0.000 0.000
   26 G C  0.001 0.000 0.000
   27 A T  0.000 0.000 0.000
   28 C G  0.001 0.001 0.001
   29 G C  1.000 0.998 0.543
   30 A T  0.998 0.595 0.133
   31 A T  0.597 0.545 0.130
   32 A T  0.948 0.154 0.009
   33 C G  0.166 0.158 0.001
   34 A T  0.205 0.016 0.001
   35 U A  0.047 0.002 0.002
   36 C G  0.002 0.002 0.002
   37 U A  0.639 0.622 0.012
   38 G C  0.626 0.015 0.013
   39 G C  0.021 0.019 0.018
   40 A T  0.938 0.620 0.000
   41 G C  0.634 0.506 0.000
   42 A T  0.594 0.000 0.000
