    0   0.10500000
    1   0.19700000
    2   0.19700000
    3   0.25600000
    4   0.31100000
    5   0.31100000
    6   0.34600000
    7   0.34600000
    8   0.36000000
    9   0.36000000
   10   0.36000000
   11   0.37400000
   12   0.37400000
   13   0.38700000
   14   0.40200000
   15   0.46500000
   16   0.54100000
   17   0.56100000
   18   0.68300000
   19   0.73100000
   20   0.75900000
   21   0.80800000
   22   0.83500000
   23   0.85700000
   24   0.86100000
   25   0.88700000
   26   0.88800000
   27   0.89300000
   28   0.90100000
   29   0.91000000
   30   0.91700000
   31   0.92100000
   32   0.93900000
   33   0.94100000
   34   0.94900000
   35   0.95900000
   36   0.96700000
   37   0.96800000
   38   0.97100000
   39   0.97200000
   40   0.97400000
   41   0.97600000
   42   0.98400000
   43   0.98700000
   44   0.98900000
   45   0.99100000
   46   0.99100000
   47   0.99100000
   48   0.99100000
   49   0.99100000
   50   0.99100000
   51   0.99200000
   52   0.99300000
   53   0.99300000
   54   0.99300000
   55   0.99300000
   56   0.99500000
   57   0.99500000
   58   0.99700000
   59   0.99700000
   60   0.99900000
   61   0.99900000
   62   0.99900000
   63   0.99900000
   64   0.99900000
   65   0.99900000
   66   0.99900000
   67   0.99900000
   68   0.99900000
   69   0.99900000
   70   0.99900000
   71   0.99900000
   72   0.99900000
   73   0.99900000
   74   0.99900000
   75   0.99900000
   76   1.00000000
   77   1.00000000
   78   1.00000000
   79   1.00000000
   80   1.00000000
   81   1.00000000
   82   1.00000000
   83   1.00000000
   84   1.00000000
   85   1.00000000
   86   1.00000000
   87   1.00000000
   88   1.00000000
   89   1.00000000
   90   1.00000000
   91   1.00000000
   92   1.00000000
   93   1.00000000
   94   1.00000000
   95   1.00000000
   96   1.00000000
   97   1.00000000
   98   1.00000000
   99   1.00000000
  100   1.00000000
