~~~~~~~~~~Individual scores for duplex features and thermodynamics~~~~~~~~~~

Columns   1-2:  start position     end position 
Columns   3-7:  GC     A/U15   A/U16    A/U17   A/U18 
Columns  8-12:  A/U19  inverse repeat   A19  A3  U10 
Columns 13-15:  G/C19  G13     relative stability of                                                                        siRNA duplex ends  
Column     16:  siRNA duplex internal stability 

--------------------------------------------------------------------------------

    3-   21  0 0 1 0 0 0 1 0 0 0 -1 -1 0 1
    4-   22  0 1 0 0 0 1 1 0 0 0  0  0 1 1
    5-   23  0 0 0 0 1 0 1 0 0 1 -1 -1 0 1
    6-   24  0 0 0 1 0 1 1 1 1 0  0  0 1 1
    7-   25  0 0 1 0 1 0 1 0 1 0 -1  0 0 1
    8-   26  0 1 0 1 0 0 1 0 0 0 -1  0 0 1
    9-   27  0 0 1 0 0 1 1 1 0 1  0 -1 0 1
   10-   28  0 1 0 0 1 0 0 0 0 0 -1  0 0 1
   11-   29  0 0 0 1 0 0 0 0 1 0 -1 -1 0 0
   12-   30  0 0 1 0 0 1 0 1 0 0  0  0 0 0
   13-   31  0 1 0 0 1 1 0 1 0 1  0 -1 0 0
   14-   32  0 0 0 1 1 1 0 1 1 0  0 -1 1 0
   15-   33  0 0 1 1 1 0 0 0 0 0 -1  0 1 0
   16-   34  0 1 1 1 0 1 0 1 0 0  0  0 1 0
   17-   35  0 1 1 0 1 1 0 0 0 0  0 -1 1 0
   18-   36  0 1 0 1 1 0 1 0 0 0 -1  0 1 0
   19-   37  0 0 1 1 0 1 1 0 0 0  0  0 1 0
   20-   38  0 1 1 0 1 0 1 0 0 0 -1  0 1 0
   21-   39  0 1 0 1 0 0 1 0 0 0 -1  0 0 0
   22-   40  1 0 1 0 0 1 1 1 1 0  0  0 0 0
   23-   41  0 1 0 0 1 0 1 0 0 0 -1  0 1 1
   24-   42  1 0 0 1 0 1 1 1 0 0  0  0 0 1
