   1     -11.00
   2     -12.20
   3     -11.00
   4     -10.80
   5     -10.80
   6     -12.90
   7     -10.70
   8     -12.50
   9     -12.90
  10     -12.90
  11      -8.20
  12     -10.70
  13     -11.00
  14     -12.90
  15     -10.60
  16     -12.50
  17     -12.90
  18     -11.60
  19     -10.90
  20     -11.00
  21     -10.60
  22     -10.10
  23     -10.40
  24     -12.60
  25     -11.90
  26     -12.50
  27      -9.70
  28     -12.50
  29     -12.90
  30     -10.90
  31     -10.50
  32     -11.60
  33     -11.20
  34     -12.90
  35     -12.90
  36     -10.90
  37     -10.40
  38     -11.10
  39      -9.80
  40     -12.60
  41      -8.40
  42     -10.90
  43     -10.80
  44     -10.60
  45     -12.80
  46     -12.80
  47     -12.50
  48     -11.00
  49     -12.80
  50     -10.70
  51     -10.70
  52     -12.80
  53      -9.00
  54     -12.50
  55      -8.80
  56     -10.40
  57      -8.70
  58      -8.30
  59     -10.80
  60      -7.20
  61      -8.30
  62     -12.90
  63     -10.00
  64     -10.10
  65      -7.60
  66     -11.00
  67     -12.80
  68      -9.50
  69     -12.20
  70     -10.50
  71     -10.50
  72     -11.00
  73     -10.70
  74     -10.70
  75      -7.90
  76     -10.70
  77      -9.20
  78     -10.90
  79      -8.50
  80     -12.90
  81     -11.60
  82     -12.60
  83     -10.90
  84     -10.60
  85     -11.10
  86     -10.90
  87     -10.70
  88     -12.60
  89     -10.60
  90     -11.90
  91     -10.60
  92     -12.80
  93     -10.50
  94     -10.60
  95     -10.70
  96     -10.60
  97      -9.00
  98     -12.60
  99     -10.90
 100     -12.90
 101     -12.90
 102      -7.60
 103     -12.60
 104     -11.00
 105      -9.80
 106     -10.30
 107     -10.50
 108     -12.90
 109     -12.50
 110     -11.00
 111     -10.50
 112     -12.50
 113     -10.80
 114     -12.80
 115     -12.90
 116     -12.50
 117     -11.30
 118      -9.60
 119     -12.80
 120     -10.30
 121     -12.60
 122     -11.00
 123      -9.70
 124     -12.20
 125      -5.80
 126     -10.70
 127     -12.20
 128     -12.20
 129     -10.50
 130     -10.60
 131      -8.20
 132     -11.60
 133     -10.90
 134      -9.20
 135     -12.80
 136     -12.60
 137     -12.50
 138     -12.80
 139     -10.60
 140     -12.90
 141     -10.60
 142     -10.40
 143     -12.90
 144      -8.60
 145     -10.40
 146      -8.00
 147     -12.50
 148     -10.90
 149      -7.70
 150     -12.90
 151     -12.90
 152     -12.80
 153     -12.90
 154     -11.60
 155     -12.50
 156     -12.50
 157     -10.80
 158     -11.00
 159     -10.90
 160     -10.70
 161     -12.60
 162     -12.50
 163     -12.80
 164     -11.00
 165     -12.80
 166     -12.80
 167     -12.80
 168      -8.70
 169     -12.60
 170     -10.40
 171     -12.90
 172      -9.20
 173     -10.20
 174     -11.60
 175     -10.60
 176      -8.50
 177     -10.70
 178     -10.10
 179     -12.20
 180     -10.70
 181     -11.60
 182      -9.60
 183     -10.90
 184     -10.90
 185     -10.70
 186     -12.90
 187     -12.60
 188     -11.00
 189     -12.50
 190     -11.00
 191     -10.60
 192     -12.80
 193      -8.70
 194     -10.90
 195     -12.90
 196     -10.90
 197     -11.00
 198     -12.80
 199     -12.90
 200     -11.00
 201     -12.90
 202      -9.20
 203      -6.60
 204      -9.50
 205     -12.60
 206      -9.70
 207      -7.60
 208     -10.80
 209     -10.90
 210      -7.90
 211     -11.60
 212     -10.70
 213     -12.60
 214     -11.90
 215      -9.20
 216      -7.70
 217     -12.80
 218     -12.80
 219     -11.90
 220     -12.50
 221     -10.70
 222     -12.90
 223     -12.50
 224     -10.90
 225     -12.90
 226     -11.00
 227     -12.50
 228     -12.90
 229     -10.70
 230     -10.70
 231     -12.90
 232     -10.50
 233      -8.80
 234     -10.30
 235     -10.30
 236     -12.90
 237      -8.80
 238     -12.80
 239     -12.90
 240     -12.90
 241     -10.70
 242     -12.20
 243     -12.90
 244     -12.80
 245     -10.60
 246     -12.20
 247     -12.80
 248     -11.00
 249     -10.80
 250     -10.90
 251     -11.90
 252     -12.90
 253     -10.90
 254     -12.80
 255     -12.90
 256     -10.80
 257     -10.70
 258     -12.80
 259     -12.90
 260     -12.80
 261     -12.80
 262     -11.20
 263     -10.40
 264     -12.20
 265     -12.90
 266     -12.80
 267     -12.80
 268     -10.30
 269     -10.20
 270     -10.10
 271      -9.00
 272     -12.60
 273     -12.80
 274     -10.90
 275      -6.70
 276     -11.60
 277     -12.50
 278     -10.90
 279     -10.00
 280     -12.90
 281     -12.20
 282     -10.80
 283     -11.10
 284     -10.10
 285     -12.80
 286     -12.60
 287     -10.40
 288      -9.10
 289     -12.50
 290     -12.50
 291     -11.00
 292     -10.90
 293     -12.90
 294      -6.40
 295     -12.80
 296      -7.60
 297      -8.60
 298     -12.90
 299     -11.60
 300     -12.80
 301     -10.70
 302     -10.20
 303     -10.60
 304     -12.90
 305     -10.70
 306     -12.90
 307     -10.90
 308     -10.90
 309     -10.30
 310     -10.50
 311     -12.50
 312     -10.50
 313     -12.60
 314      -9.70
 315     -10.10
 316      -8.00
 317     -10.70
 318     -12.80
 319      -8.30
 320     -11.00
 321     -11.90
 322     -12.80
 323     -12.90
 324     -12.20
 325     -12.80
 326     -10.20
 327     -10.90
 328     -11.60
 329     -10.20
 330     -10.00
 331      -9.10
 332     -12.50
 333     -10.40
 334     -11.60
 335     -10.60
 336     -10.60
 337     -12.90
 338      -9.20
 339     -10.50
 340     -10.70
 341     -12.90
 342     -12.60
 343     -10.10
 344     -10.70
 345     -12.60
 346     -12.20
 347     -11.00
 348     -12.80
 349     -12.80
 350     -12.50
 351      -8.80
 352     -11.00
 353     -10.50
 354     -12.90
 355      -9.40
 356     -10.90
 357     -12.80
 358      -7.20
 359     -10.90
 360     -10.40
 361     -10.00
 362     -11.60
 363     -12.80
 364      -4.70
 365     -12.60
 366     -10.00
 367     -10.30
 368     -12.50
 369     -12.50
 370     -10.90
 371      -9.50
 372     -10.90
 373     -10.60
 374      -8.90
 375     -10.80
 376     -12.50
 377      -7.40
 378     -10.50
 379     -10.10
 380     -12.50
 381     -11.00
 382     -12.90
 383     -10.40
 384     -10.50
 385      -9.80
 386     -10.40
 387     -10.60
 388     -10.60
 389     -10.30
 390     -10.70
 391     -12.90
 392     -11.00
 393     -12.90
 394     -12.80
 395     -11.00
 396     -12.80
 397     -10.70
 398     -10.60
 399     -10.30
 400     -11.00
 401     -10.60
 402     -11.20
 403     -10.70
 404      -9.20
 405      -9.10
 406      -9.80
 407     -12.60
 408     -12.50
 409     -12.90
 410     -11.00
 411     -12.60
 412     -10.30
 413     -11.00
 414     -10.30
 415     -11.00
 416     -12.80
 417     -12.90
 418     -10.00
 419     -10.90
 420     -10.40
 421     -10.70
 422     -12.50
 423      -8.30
 424     -12.80
 425     -12.20
 426     -12.90
 427     -10.60
 428      -6.90
 429     -10.60
 430     -12.90
 431     -12.60
 432     -10.50
 433     -11.90
 434     -11.00
 435      -8.70
 436     -12.50
 437     -12.90
 438     -10.50
 439     -10.70
 440     -12.90
 441     -10.80
 442     -12.80
 443     -10.30
 444     -10.70
 445     -12.80
 446     -11.00
 447      -9.00
 448     -12.90
 449     -12.90
 450     -12.60
 451     -12.20
 452     -10.40
 453     -12.60
 454     -12.90
 455     -11.00
 456     -12.90
 457     -11.90
 458     -12.50
 459     -12.60
 460     -11.90
 461     -11.90
 462     -12.60
 463     -11.00
 464     -10.90
 465      -9.80
 466     -10.50
 467     -10.90
 468     -10.30
 469     -10.60
 470     -11.00
 471     -11.30
 472     -12.80
 473     -10.10
 474      -9.20
 475     -12.60
 476      -8.20
 477      -9.50
 478     -10.90
 479     -12.90
 480      -8.90
 481     -12.90
 482      -9.00
 483     -10.70
 484     -11.90
 485     -11.20
 486     -10.40
 487     -10.40
 488     -12.80
 489     -11.00
 490      -9.50
 491     -10.70
 492     -12.50
 493     -12.50
 494     -11.00
 495     -12.50
 496     -10.90
 497     -10.50
 498     -10.90
 499     -12.50
 500     -10.00
 501     -11.00
 502     -12.50
 503     -10.90
 504     -10.50
 505      -8.40
 506     -12.20
 507     -12.20
 508     -10.30
 509     -11.90
 510     -12.60
 511      -7.90
 512     -12.90
 513     -12.80
 514     -12.80
 515     -12.60
 516      -9.10
 517     -10.60
 518      -8.80
 519     -10.00
 520     -10.20
 521     -12.60
 522     -12.90
 523      -7.20
 524     -10.60
 525     -12.90
 526      -8.90
 527     -12.50
 528     -12.20
 529      -9.30
 530     -12.50
 531     -10.30
 532     -12.80
 533     -12.90
 534      -9.10
 535     -12.80
 536      -7.90
 537     -12.80
 538      -8.60
 539     -10.30
 540     -10.60
 541     -12.60
 542     -12.20
 543     -11.00
 544     -12.80
 545     -12.50
 546     -10.10
 547     -10.90
 548     -10.90
 549     -10.50
 550     -10.30
 551      -8.90
 552      -8.90
 553     -11.90
 554     -10.80
 555     -12.80
 556      -9.00
 557     -10.50
 558     -12.80
 559     -10.60
 560     -12.60
 561     -10.60
 562     -12.80
 563     -10.70
 564     -10.40
 565      -9.80
 566     -12.60
 567     -10.70
 568     -10.70
 569      -7.50
 570     -12.80
 571     -10.20
 572      -9.50
 573     -11.00
 574     -10.90
 575      -8.40
 576      -7.50
 577     -12.90
 578     -10.90
 579     -10.90
 580     -10.50
 581     -10.20
 582     -10.60
 583     -10.70
 584     -12.20
 585     -12.80
 586     -11.20
 587     -10.60
 588     -12.50
 589     -11.10
 590     -10.60
 591     -11.20
 592     -12.80
 593      -9.00
 594      -5.70
 595     -10.90
 596     -12.60
 597     -10.70
 598     -10.00
 599     -12.90
 600     -12.80
 601     -10.60
 602     -10.30
 603     -10.90
 604     -11.00
 605     -12.50
 606      -8.70
 607     -12.80
 608     -10.60
 609     -10.90
 610     -10.10
 611     -11.00
 612     -12.80
 613     -10.50
 614     -12.90
 615     -11.90
 616      -8.70
 617     -10.60
 618     -10.30
 619     -11.00
 620      -9.00
 621     -10.90
 622     -10.80
 623     -12.80
 624     -10.90
 625      -9.10
 626     -11.00
 627     -11.20
 628     -11.00
 629     -12.90
 630     -10.30
 631     -11.00
 632     -12.80
 633     -12.90
 634     -10.70
 635     -11.10
 636     -10.90
 637     -10.40
 638     -10.70
 639     -10.70
 640      -8.50
 641     -11.20
 642     -10.70
 643     -10.00
 644     -11.00
 645      -8.90
 646     -12.80
 647     -12.60
 648     -12.60
 649     -10.90
 650      -9.80
 651     -10.60
 652     -11.10
 653      -7.60
 654     -10.40
 655     -11.10
 656     -12.60
 657     -10.50
 658     -10.70
 659     -12.60
 660     -12.50
 661     -10.70
 662      -8.40
 663     -12.90
 664     -12.50
 665      -9.80
 666     -12.80
 667     -10.20
 668     -12.80
 669     -12.50
 670     -10.00
 671     -12.90
 672     -10.60
 673     -12.80
 674     -11.10
 675     -11.90
 676     -10.60
 677     -10.70
 678      -8.00
 679     -12.80
 680     -10.90
 681     -10.60
 682      -7.10
 683     -10.50
 684     -10.70
 685     -12.90
 686     -10.80
 687     -10.40
 688     -10.90
 689     -10.70
 690     -10.10
 691     -10.50
 692     -10.90
 693     -10.80
 694     -12.80
 695     -10.90
 696     -12.20
 697     -12.90
 698     -10.50
 699     -12.60
 700     -12.90
 701     -12.50
 702     -12.60
 703     -11.90
 704     -12.80
 705     -10.70
 706     -10.70
 707     -12.50
 708     -11.90
 709     -12.50
 710     -11.90
 711      -9.60
 712     -12.90
 713     -12.60
 714     -12.50
 715      -9.50
 716     -10.60
 717     -10.70
 718     -10.70
 719     -11.00
 720     -12.80
 721     -12.80
 722     -11.00
 723     -12.50
 724     -11.10
 725     -12.20
 726     -12.80
 727     -11.10
 728     -10.70
 729     -12.80
 730     -11.90
 731     -12.80
 732     -10.40
 733     -12.80
 734     -10.00
 735      -7.80
 736      -9.40
 737     -10.30
 738      -9.00
 739      -9.80
 740     -11.00
 741     -12.20
 742     -10.60
 743     -10.00
 744     -10.10
 745     -10.90
 746     -10.90
 747     -12.90
 748     -12.80
 749     -12.50
 750      -5.70
 751     -10.40
 752     -12.20
 753      -7.40
 754     -10.80
 755     -12.80
 756     -10.90
 757     -10.10
 758     -10.20
 759     -12.50
 760     -12.90
 761      -9.70
 762      -9.50
 763     -12.20
 764      -9.40
 765      -8.50
 766     -10.40
 767     -10.90
 768     -10.90
 769     -12.60
 770     -10.80
 771     -12.90
 772     -10.60
 773     -11.90
 774      -9.80
 775     -10.70
 776     -12.90
 777     -12.90
 778     -10.30
 779     -10.90
 780     -10.30
 781     -11.00
 782     -12.90
 783      -7.00
 784     -10.40
 785     -10.40
 786     -10.40
 787     -10.10
 788     -12.90
 789     -10.70
 790     -12.60
 791     -10.70
 792     -10.50
 793     -10.00
 794     -12.90
 795     -12.90
 796      -9.60
 797     -10.70
 798     -12.80
 799     -10.90
 800     -10.80
 801     -12.90
 802     -10.90
 803     -10.90
 804     -12.90
 805     -11.10
 806     -10.90
 807     -10.00
 808     -11.00
 809      -9.20
 810      -9.50
 811     -10.90
 812     -10.90
 813     -11.20
 814     -12.50
 815     -12.50
 816     -10.60
 817     -12.50
 818     -10.60
 819     -10.40
 820     -10.90
 821     -11.00
 822     -10.40
 823      -6.60
 824     -12.80
 825     -10.90
 826     -10.50
 827     -10.80
 828     -10.10
 829     -10.70
 830     -11.00
 831     -10.40
 832     -11.60
 833     -10.40
 834     -10.40
 835     -12.80
 836     -10.60
 837     -10.70
 838     -12.90
 839     -10.10
 840     -10.90
 841     -11.00
 842     -12.50
 843     -12.80
 844     -10.70
 845     -12.80
 846     -12.80
 847     -12.90
 848     -12.60
 849     -10.70
 850     -10.80
 851     -12.80
 852      -9.80
 853     -10.70
 854     -11.10
 855      -8.30
 856     -10.30
 857     -12.50
 858     -10.90
 859     -11.00
 860     -12.80
 861      -9.50
 862     -12.90
 863     -12.50
 864     -10.90
 865      -8.70
 866     -12.80
 867     -12.80
 868     -10.50
 869     -12.60
 870     -10.40
 871     -12.80
 872     -12.90
 873     -10.80
 874     -10.90
 875     -12.90
 876     -10.00
 877     -12.50
 878     -12.60
 879     -11.00
 880     -12.20
 881     -10.90
 882     -12.90
 883     -12.50
 884     -12.60
 885     -12.80
 886     -12.60
 887     -10.80
 888     -12.80
 889     -12.50
 890     -12.80
 891     -12.80
 892     -10.20
 893     -11.00
 894      -8.70
 895     -11.00
 896     -11.00
 897     -10.70
 898     -12.20
 899     -10.40
 900     -11.90
 901      -8.70
 902     -12.50
 903     -10.40
 904     -11.90
 905     -12.90
 906     -12.50
 907      -8.70
 908     -12.60
 909     -12.60
 910     -11.00
 911     -10.80
 912     -11.90
 913     -10.90
 914     -12.60
 915     -12.60
 916     -12.90
 917     -11.90
 918     -10.10
 919     -12.90
 920      -9.20
 921      -9.00
 922     -11.00
 923     -12.90
 924      -9.00
 925     -12.80
 926     -12.80
 927     -10.60
 928     -12.90
 929     -10.10
 930     -11.00
 931     -12.20
 932     -11.10
 933     -12.20
 934     -12.80
 935     -10.20
 936     -10.50
 937     -10.50
 938     -12.60
 939     -12.20
 940     -10.60
 941     -10.50
 942     -10.70
 943      -7.70
 944     -10.70
 945     -10.90
 946     -10.10
 947     -10.90
 948     -10.40
 949     -12.90
 950     -10.30
 951     -10.70
 952      -9.80
 953      -8.70
 954      -7.80
 955     -10.70
 956     -12.80
 957     -11.00
 958     -12.80
 959      -9.80
 960     -10.90
 961     -11.00
 962     -10.00
 963     -12.80
 964      -9.80
 965     -12.60
 966     -11.60
 967     -10.40
 968     -12.90
 969     -12.50
 970     -12.60
 971      -9.40
 972     -12.60
 973     -11.00
 974     -10.60
 975      -8.40
 976      -9.40
 977     -11.00
 978     -10.90
 979      -7.90
 980     -11.00
 981     -12.90
 982      -9.20
 983     -11.60
 984     -12.80
 985     -11.10
 986     -10.50
 987     -12.20
 988     -12.80
 989     -10.50
 990     -10.60
 991     -12.80
 992     -10.50
 993     -11.00
 994     -10.90
 995     -10.40
 996      -9.90
 997     -12.50
 998     -10.50
 999     -10.90
1000     -10.80
