Sequence length            = 42
Optimal number of clusters = 3
Cluster sizes              = 0.732* 0.241  0.027 
(* marks the cluster in which the MFE structure is located)

Free energy of the MFE structure     = -12.80
Free energy of the ensemble centroid = -12.80
Boltzmann probability of the MFE structure     = 1.16848
Boltzmann probability of the ensemble centroid = 1.16848

Average base pair distance between sample and
.....MFE structure     = 2.728
.....ensemble centroid = 2.728
Percentage improvement = 0.0000


Cluster                 : 1
Maximum Distance        : 10
Minimum Distance        : 0
Average Distance        : 2.69
Standard Deviation      : 1.51
Coefficient of Variance : 0.56
Probability             : 732/1000 = 0.732
Cluster MFE (Structure 6): -12.90
Elements: 1 3 6 7 8 9 10 12 14 15 16 17 18 20 21 22 23 24 26 28 29 30 31 32 34 35 37 40 42 44 45 46 47 48 49 51 52 53 54 56 57 58 61 62 64 65 66 67 70 73 74 76 77 78 79 80 81 82 83 84 86 87 88 89 91 92 93 94 96 97 98 99 100 101 103 104 108 109 111 112 114 115 116 117 118 119 121 122 123 125 126 129 130 131 132 133 135 136 137 138 139 140 141 142 143 144 145 147 148 149 150 151 152 153 154 155 156 158 159 160 161 162 163 164 165 166 167 169 171 172 173 174 175 177 178 180 181 182 183 184 185 186 187 188 189 190 191 192 194 195 196 197 198 199 200 201 202 203 205 206 209 210 211 212 213 215 217 218 220 222 223 224 225 226 227 228 230 231 232 236 237 238 239 240 241 243 244 245 247 248 249 250 252 253 254 255 257 258 259 260 261 263 265 266 267 269 270 272 273 275 276 277 278 280 285 286 287 289 290 291 292 293 295 298 299 300 301 302 303 304 305 306 307 308 310 311 312 313 314 315 317 318 319 320 322 323 325 326 327 328 329 332 333 334 335 336 337 339 341 342 343 344 345 347 348 349 350 351 352 353 354 355 356 357 358 359 360 362 363 365 367 368 369 370 372 373 375 376 378 380 382 383 384 386 387 388 390 391 392 393 394 395 396 397 401 402 403 407 408 409 411 413 415 416 417 419 420 421 422 423 424 426 427 429 430 431 432 435 436 437 438 439 440 442 444 445 446 447 448 449 450 452 453 454 456 458 459 462 464 466 467 468 469 470 471 472 473 474 475 476 478 479 480 481 482 483 485 486 487 488 489 491 492 493 494 495 496 497 498 499 501 502 503 504 505 510 512 513 514 515 517 520 521 522 523 524 525 526 527 529 530 532 533 535 536 537 540 541 543 544 545 546 547 548 549 555 556 557 558 559 560 561 562 563 564 566 567 569 570 571 573 574 577 579 580 581 582 585 586 587 588 590 592 594 595 596 597 599 600 601 603 604 605 607 608 609 610 611 612 613 614 617 618 619 620 621 623 624 626 628 629 631 632 633 636 637 638 640 642 646 647 648 649 651 654 656 657 658 659 660 661 662 663 664 666 667 668 669 671 672 673 676 677 679 680 681 683 685 686 687 689 690 691 692 694 697 698 699 700 701 702 704 705 706 707 709 712 713 714 716 718 719 720 721 722 723 726 728 729 731 733 735 736 738 742 744 746 747 748 749 753 755 756 757 758 759 760 761 765 766 767 768 769 771 772 775 776 777 779 780 781 782 783 785 786 787 788 790 794 795 797 798 799 801 802 804 806 809 811 812 813 814 815 816 817 818 820 821 824 825 826 827 828 829 830 832 834 835 836 837 838 839 840 841 842 843 844 845 846 847 848 851 855 856 857 858 859 860 862 863 864 865 866 867 868 869 871 872 874 875 877 878 879 881 882 883 884 885 886 887 888 889 890 891 892 893 895 896 897 902 903 905 906 908 909 910 913 914 915 916 918 919 921 922 923 924 925 926 927 928 929 930 934 935 936 937 938 940 941 942 944 945 946 947 949 951 954 955 956 958 960 961 963 965 966 968 969 970 971 972 973 974 976 977 978 980 981 983 984 986 988 989 990 991 992 993 994 995 996 997 998 999

Cluster                 : 2
Maximum Distance        : 11
Minimum Distance        : 0
Average Distance        : 3.97
Standard Deviation      : 2.20
Coefficient of Variance : 0.56
Probability             : 241/1000 = 0.241
Cluster MFE (Structure 2): -12.20
Elements: 2 4 5 11 13 19 25 27 36 38 39 41 43 50 55 59 60 63 68 69 71 72 75 85 90 95 102 105 106 107 113 120 124 127 128 134 146 157 168 170 176 179 193 204 207 208 214 216 219 221 229 233 234 235 242 246 251 256 264 268 271 274 279 281 282 284 288 294 296 297 309 316 321 324 330 331 338 340 346 361 364 366 371 374 377 379 381 385 389 398 399 404 405 406 412 414 418 425 428 433 441 443 451 457 460 461 465 477 484 490 500 506 507 508 509 511 516 518 519 528 531 534 538 539 542 550 551 552 553 554 565 568 572 575 576 578 583 584 593 598 602 615 616 622 625 630 634 639 643 645 650 653 665 670 674 675 678 682 684 688 693 695 696 703 708 710 715 717 724 725 730 732 734 737 739 740 741 743 745 750 751 752 754 762 763 770 773 774 778 784 789 791 792 793 796 800 803 807 810 819 822 823 831 833 849 850 853 861 870 873 876 880 894 898 899 900 901 904 907 911 912 917 920 931 933 939 943 948 950 952 953 959 962 964 967 975 979 982 985 987 1000

Cluster                 : 3
Maximum Distance        : 6
Minimum Distance        : 0
Average Distance        : 2.05
Standard Deviation      : 1.60
Coefficient of Variance : 0.78
Probability             : 27/1000 = 0.027
Cluster MFE (Structure 33): -11.20
Elements: 33 110 262 283 400 410 434 455 463 589 591 606 627 635 641 644 652 655 711 727 764 805 808 852 854 932 957


Minimum distance matrix between clusters
   0   1   3
   1   0   2
   3   2   0

Maximum distance matrix between clusters
   0  12  16
  12   0  16
  16  16   0

Average distance matrix between clusters
   0.00   4.55  11.75
   4.55   0.00  10.29
  11.75  10.29   0.00

Distance matrix between cluster centroids
   0   2   9
   2   0   7
   9   7   0

