SFOLD of:  [initially -7.80]    20130529-20141 Check: 0 from: 1 to: 42
Length:  42 Energy:  -7.80 ..
    1 A     0     2     0     1
    2 C     1     3     0     2
    3 U     2     4     0     3
    4 U     3     5     0     4
    5 A     4     6     0     5
    6 A     5     7     0     6
    7 C     6     8     0     7
    8 A     7     9     0     8
    9 A     8    10     0     9
   10 C     9    11     0    10
   11 U    10    12    35    11
   12 G    11    13    34    12
   13 A    12    14     0    13
   14 U    13    15    32    14
   15 G    14    16     0    15
   16 A    15    17     0    16
   17 G    16    18    28    17
   18 U    17    19    27    18
   19 C    18    20    26    19
   20 C    19    21    25    20
   21 G    20    22     0    21
   22 U    21    23     0    22
   23 G    22    24     0    23
   24 A    23    25     0    24
   25 G    24    26    20    25
   26 G    25    27    19    26
   27 A    26    28    18    27
   28 C    27    29    17    28
   29 G    28    30     0    29
   30 A    29    31     0    30
   31 A    30    32     0    31
   32 A    31    33    14    32
   33 C    32    34     0    33
   34 C    33    35    12    34
   35 A    34    36    11    35
   36 C    35    37     0    36
   37 C    36    38     0    37
   38 A    37    39     0    38
   39 A    38    40     0    39
   40 G    39    41     0    40
   41 C    40    42     0    41
   42 A    41    43     0    42
