    1 U  0.000 0.000 0.000 0.000 0.540 0.540
    2 U  0.000 0.000 0.114 0.000 0.485 0.599
    3 A  0.000 0.063 0.452 0.000 0.485 1.000
    4 C  0.000 0.000 0.002 0.000 0.021 0.023
    5 U  0.000 0.000 0.608 0.000 0.018 0.626
    6 G  0.000 0.000 0.609 0.000 0.009 0.618
    7 G  0.001 0.000 0.004 0.000 0.009 0.014
    8 A  0.001 0.011 0.037 0.000 0.009 0.058
    9 A  0.001 0.735 0.238 0.006 0.009 0.989
   10 C  0.001 0.746 0.236 0.000 0.005 0.988
   11 U  0.006 0.002 0.206 0.000 0.004 0.218
   12 G  0.006 0.003 0.168 0.000 0.000 0.177
   13 A  0.006 0.054 0.928 0.000 0.000 0.988
   14 U  0.006 0.000 0.479 0.000 0.000 0.485
   15 G  0.000 0.000 0.980 0.000 0.000 0.980
   16 A  0.000 0.000 0.994 0.006 0.000 1.000
   17 G  0.000 0.000 0.001 0.000 0.000 0.001
   18 U  0.000 0.000 0.000 0.000 0.000 0.000
   19 C  0.000 0.000 0.000 0.000 0.000 0.000
   20 C  0.000 0.000 0.000 0.000 0.000 0.000
   21 G  1.000 0.000 0.000 0.000 0.000 1.000
   22 U  1.000 0.000 0.000 0.000 0.000 1.000
   23 G  1.000 0.000 0.000 0.000 0.000 1.000
   24 A  1.000 0.000 0.000 0.000 0.000 1.000
   25 G  0.000 0.000 0.000 0.000 0.000 0.000
   26 G  0.000 0.000 0.000 0.000 0.000 0.000
   27 A  0.000 0.000 0.000 0.000 0.000 0.000
   28 C  0.000 0.000 0.001 0.000 0.000 0.001
   29 G  0.000 0.000 0.994 0.006 0.000 1.000
   30 A  0.000 0.000 0.989 0.006 0.000 0.995
   31 A  0.000 0.000 0.555 0.006 0.000 0.561
   32 A  0.000 0.000 0.924 0.006 0.000 0.930
   33 C  0.000 0.000 0.169 0.006 0.000 0.175
   34 A  0.000 0.000 0.212 0.006 0.000 0.218
   35 U  0.000 0.000 0.035 0.000 0.001 0.036
   36 C  0.000 0.000 0.001 0.000 0.001 0.002
   37 U  0.000 0.000 0.612 0.000 0.006 0.618
   38 G  0.000 0.001 0.608 0.000 0.014 0.623
   39 G  0.000 0.001 0.004 0.000 0.020 0.025
   40 A  0.000 0.000 0.453 0.000 0.482 0.935
   41 G  0.000 0.000 0.119 0.000 0.498 0.617
   42 A  0.000 0.000 0.000 0.000 0.582 0.582
