    1 U A  0.540 0.485 0.021
    2 U A  0.599 0.599 0.018
    3 A T  1.000 0.023 0.010
    4 C G  0.023 0.019 0.010
    5 U A  0.626 0.613 0.010
    6 G C  0.618 0.013 0.012
    7 G C  0.014 0.013 0.007
    8 A T  0.058 0.047 0.013
    9 A T  0.989 0.977 0.152
   10 C G  0.988 0.206 0.152
   11 U A  0.218 0.158 0.128
   12 G C  0.177 0.177 0.136
   13 A T  0.988 0.485 0.479
   14 U A  0.485 0.479 0.000
   15 G C  0.980 0.980 0.000
   16 A T  1.000 0.001 0.000
   17 G C  0.001 0.000 0.000
   18 U A  0.000 0.000 0.000
   19 C G  0.000 0.000 0.000
   20 C G  0.000 0.000 0.000
   21 G C  1.000 1.000 1.000
   22 U A  1.000 1.000 0.000
   23 G C  1.000 1.000 0.000
   24 A T  1.000 0.000 0.000
   25 G C  0.000 0.000 0.000
   26 G C  0.000 0.000 0.000
   27 A T  0.000 0.000 0.000
   28 C G  0.001 0.001 0.001
   29 G C  1.000 0.995 0.487
   30 A T  0.995 0.556 0.130
   31 A T  0.561 0.492 0.130
   32 A T  0.930 0.156 0.008
   33 C G  0.175 0.169 0.000
   34 A T  0.218 0.012 0.000
   35 U A  0.036 0.002 0.001
   36 C G  0.002 0.001 0.001
   37 U A  0.618 0.609 0.006
   38 G C  0.623 0.016 0.014
   39 G C  0.025 0.023 0.020
   40 A T  0.935 0.601 0.000
   41 G C  0.617 0.498 0.000
   42 A T  0.582 0.000 0.000
