SFOLD of:  [initially -8.90]    20130522-26884 Check: 0 from: 1 to: 42
Length:  42 Energy:  -8.90 ..
    1 U     0     2    42     1
    2 U     1     3     0     2
    3 A     2     4     0     3
    4 C     3     5    39     4
    5 U     4     6    38     5
    6 G     5     7    37     6
    7 G     6     8    36     7
    8 A     7     9    35     8
    9 A     8    10     0     9
   10 C     9    11     0    10
   11 U    10    12    34    11
   12 G    11    13    33    12
   13 A    12    14     0    13
   14 U    13    15    32    14
   15 G    14    16     0    15
   16 A    15    17     0    16
   17 G    16    18    28    17
   18 U    17    19    27    18
   19 C    18    20    26    19
   20 C    19    21    25    20
   21 G    20    22     0    21
   22 U    21    23     0    22
   23 G    22    24     0    23
   24 A    23    25     0    24
   25 G    24    26    20    25
   26 G    25    27    19    26
   27 A    26    28    18    27
   28 C    27    29    17    28
   29 G    28    30     0    29
   30 A    29    31     0    30
   31 A    30    32     0    31
   32 A    31    33    14    32
   33 C    32    34    12    33
   34 A    33    35    11    34
   35 U    34    36     8    35
   36 C    35    37     7    36
   37 U    36    38     6    37
   38 G    37    39     5    38
   39 G    38    40     4    39
   40 A    39    41     0    40
   41 G    40    42     0    41
   42 A    41    43     1    42
